<?xml version="1.0" encoding="UTF-8"?>
<!-- Generated by org.testng.reporters.JUnitXMLReporter -->
<testsuite ignored="0" hostname="Chenna" failures="0" tests="3" name="Surefire test" time="0.039" errors="0" timestamp="2023-11-06T18:55:52 IST">
  <testcase classname="com.testcases.TestCases" name="case1" time="0.009"/>
  <testcase classname="com.testcases.TestCases" name="case2" time="0.001"/>
  <testcase classname="com.testcases.TestCases" name="case3" time="0.001"/>
</testsuite> <!-- Surefire test -->
