<?xml version="1.0" encoding="UTF-8"?>
<testng-results ignored="0" total="3" passed="3" failed="0" skipped="0">
  <reporter-output>
  </reporter-output>
  <suite started-at="2023-11-06T18:55:52 IST" name="Surefire suite" finished-at="2023-11-06T18:55:52 IST" duration-ms="39">
    <groups>
    </groups>
    <test started-at="2023-11-06T18:55:52 IST" name="Surefire test" finished-at="2023-11-06T18:55:52 IST" duration-ms="39">
      <class name="com.testcases.TestCases">
        <test-method signature="case1()[pri:0, instance:com.testcases.TestCases@17c386de]" started-at="2023-11-06T18:55:52 IST" name="case1" finished-at="2023-11-06T18:55:52 IST" duration-ms="9" status="PASS">
          <reporter-output>
          </reporter-output>
        </test-method> <!-- case1 -->
        <test-method signature="case2()[pri:0, instance:com.testcases.TestCases@17c386de]" started-at="2023-11-06T18:55:52 IST" name="case2" finished-at="2023-11-06T18:55:52 IST" duration-ms="1" status="PASS">
          <reporter-output>
          </reporter-output>
        </test-method> <!-- case2 -->
        <test-method signature="case3()[pri:0, instance:com.testcases.TestCases@17c386de]" started-at="2023-11-06T18:55:52 IST" name="case3" finished-at="2023-11-06T18:55:52 IST" duration-ms="1" status="PASS">
          <reporter-output>
          </reporter-output>
        </test-method> <!-- case3 -->
      </class> <!-- com.testcases.TestCases -->
    </test> <!-- Surefire test -->
  </suite> <!-- Surefire suite -->
</testng-results>
